0.007937 56
3.736959 272
2.531577 250
0.058421 96
0.020386 51
0.072175 145
0.064911 12
0.188990 40
0.219014 8
0.008153 17
0.001553 84
0.000846 78
0.277067 76
0.217798 76
0.201371 76
0.201395 76
0.209074 76
0.270383 76
0.275527 76
0.290137 76
0.211165 76
0.226224 76
1.034096 76
0.439294 76
0.385383 76
0.233655 76
0.278935 76
0.222549 76
0.266583 76
0.926607 76
0.930820 76
0.281936 76
0.280680 76
0.226610 76
0.210190 76
0.235426 76
0.241918 76
0.236255 76
0.260523 76
0.269623 76
0.240680 76
0.330458 76
0.368976 76
0.221360 76
0.257505 76
0.238856 76
0.331516 76
0.244221 76
0.277107 76
0.307689 76
0.243718 76
0.258872 76
0.238937 76
0.239544 76
0.287659 76
0.269334 76
0.236678 76
0.250364 76
0.238278 76
0.262112 76
0.262054 76
0.277055 76
0.272370 76
0.255448 76
0.244730 76
0.251191 76
0.241733 76
0.232286 76
0.248417 76
0.224996 76
0.237258 76
0.226582 76
0.214442 76
0.233474 76
0.208003 76
0.224300 76
0.205037 76
0.214287 76
0.322352 76
0.209078 76
0.220605 76
0.220377 76
0.204389 76
0.209757 76
0.267692 76
0.203530 76
0.232020 76
0.218142 76
0.298748 76
0.241594 76
0.314342 76
0.287987 76
0.222065 76
0.201539 76
0.227558 76
0.232825 76
0.219186 76
0.233988 76
0.205855 76
0.218678 76
0.215969 76
0.281715 76
0.218577 76
0.230667 76
0.278875 76
0.201991 76
0.227799 76
0.234540 76
0.263730 76
0.200112 76
0.248198 76
0.207107 76
0.246995 76
0.236187 76
0.227580 76
0.237998 76
0.220340 76
0.214783 76
0.204229 76
0.205577 76
0.204048 76
0.215333 76
0.200325 76
0.229756 76
0.213052 76
0.222375 76
0.206967 76
0.201582 76
0.219283 76
0.202608 76
0.209824 76
0.200637 76
0.203862 76
0.209920 76
0.203407 76
0.203715 76
0.208347 76
0.210743 76
0.200569 76
0.201080 76
0.209047 76
0.200329 76
0.213783 76
0.218123 76
0.225244 76
0.207399 76
0.201789 76
0.235556 76
0.205819 76
0.278028 76
0.211167 76
0.202215 76
0.225954 76
0.206477 76
0.211457 76
0.199808 76
0.266945 76
0.201104 76
0.201498 76
0.199758 76
0.208535 76
0.308851 76
0.202510 76
0.207269 76
0.208656 76
0.205137 76
0.216139 76
0.203482 76
0.214563 76
0.228122 76
0.204187 76
0.209648 76
0.200381 76
0.200354 76
0.295868 76
0.202484 76
0.219271 76
0.215883 76
0.204531 76
0.464020 76
0.216614 76
0.211103 76
0.224090 76
0.205824 76
0.214992 76
0.219241 76
0.233949 76
0.211352 76
0.212752 76
0.221723 76
0.200679 76
0.204615 76
0.224814 76
0.201423 76
0.201010 76
0.201989 76
0.208177 76
0.215305 76
0.211867 76
0.206191 76
0.206592 76
0.207492 76
0.204667 76
0.217110 76
0.206203 76
0.202573 76
0.202759 76
0.203321 76
0.234727 76
0.211731 76
0.199709 76
0.207567 76
0.202129 76
0.207283 76
0.200318 76
0.216405 76
0.203623 76
0.225023 76
0.203680 76
0.202444 76
0.201148 76
0.205376 76
0.201556 76
0.201839 76
0.205307 76
0.234091 76
0.201236 76
0.204199 76
0.214058 76
0.207981 76
0.228894 76
0.210065 76
0.210100 76
0.200747 76
0.205146 76
0.201433 76
0.365880 76
0.204760 76
0.203381 76
0.208525 76
0.203711 76
0.210321 76
0.199840 76
0.211281 76
0.205123 76
0.201258 76
0.212055 76
0.202455 76
0.207798 76
0.205872 76
0.202172 76
0.208623 76
0.206159 76
0.204148 76
0.208613 76
0.201074 76
0.202284 76
0.204113 76
0.200213 76
0.200554 76
0.200315 76
0.200164 76
0.200252 76
0.204477 76
0.210076 76
0.200713 76
0.212275 76
0.212791 76
0.205692 76
0.200055 76
0.229702 76
0.205397 76
0.202312 76
0.217079 76
0.203228 76
0.217121 76
0.204353 76
0.201140 76
0.201852 76
0.204010 76
0.200692 76
0.205039 76
0.246707 76
0.206246 76
0.207775 76
0.202687 76
0.200815 76
0.204450 76
0.200855 76
0.203008 76
0.204342 76
0.200075 76
0.211405 76
0.241338 76
0.206931 76
0.217080 76
0.213548 76
0.203466 76
0.203353 76
0.217064 76
0.204270 76
0.200050 76
0.206965 76
0.201351 76
0.201122 76
0.209852 76
0.204999 76
0.211535 76
0.204646 76
0.210958 76
0.258683 76
0.215913 76
0.230502 76
0.202933 76
0.255191 76
0.200205 76
0.201018 76
0.200561 76
0.285052 76
0.209002 76
0.204663 76
0.219306 76
0.217934 76
0.201623 76
0.203241 76
0.200448 76
0.200082 76
0.200818 76
0.204640 76
0.356624 76
0.208612 76
0.200709 76
0.203331 76
0.212226 76
0.205541 76
0.208177 76
0.349471 76
0.360435 76
0.202301 76
0.224401 76
0.211949 76
0.201007 76
0.202183 76
0.220929 76
0.216181 76
0.210203 76
0.204339 76
0.283997 76
0.254116 76
0.205482 76
0.202041 76
0.234266 76
0.218428 76
0.202812 76
0.268332 76
0.205741 76
0.222256 76
0.207208 76
0.212969 76
0.200040 76
0.202293 76
0.209987 76
0.200052 76
0.322650 76
0.204951 76
0.204300 76
0.204765 76
0.206206 76
0.218086 76
0.212776 76
0.204921 76
0.203878 76
0.204478 76
0.210811 76
0.217711 76
0.205005 76
0.209809 76
0.203051 76
0.204992 76
0.201243 76
0.204903 76
0.204880 76
0.216545 76
0.204783 76
0.200494 76
0.200298 76
0.201896 76
0.209350 76
0.200779 76
0.204504 76
0.208750 76
0.220973 76
0.207156 76
0.201373 76
0.207276 76
0.203394 76
0.219596 76
0.213368 76
0.215723 76
0.205138 76
0.200325 76
0.206581 76
0.204577 76
0.201358 76
0.300472 76
0.204415 76
0.207973 76
0.206709 76
0.207217 76
0.200770 76
0.211804 76
0.202133 76
0.212748 76
0.204600 76
0.211508 76
0.206208 76
0.278306 76
0.208527 76
0.210844 76
0.209048 76
0.202024 76
0.215650 76
0.203224 76
0.209846 76
0.204392 76
0.203078 76
0.200057 76
0.218068 76
0.212187 76
0.211578 76
0.221992 76
0.200733 76
0.203261 76
0.202151 76
0.215999 76
0.202520 76
0.199773 76
0.216592 76
0.201599 76
0.208410 76
0.210719 76
0.209693 76
0.227658 76
0.201656 76
0.215911 76
0.207313 76
0.279605 76
0.200141 76
0.209644 76
0.211016 76
0.213807 76
0.200007 76
0.211917 76
0.216175 76
0.215936 76
0.306499 76
0.210570 76
0.211562 76
0.209624 76
0.202502 76
0.203685 76
0.219042 76
0.200410 76
0.203199 76
0.207611 76
0.222536 76
0.202909 76
0.214744 76
0.200985 76
0.208747 76
0.202459 76
0.207439 76
0.201118 76
0.200558 76
0.202980 76
0.202399 76
0.199795 76
0.201524 76
0.201613 76
0.203490 76
0.205838 76
0.204087 76
0.204688 76
0.203966 76
0.204355 76
0.205282 76
0.202448 76
0.200491 76
0.202548 76
0.208823 76
0.205819 76
0.203565 76
0.201148 76
0.205353 76
0.203723 76
0.204074 76
0.073686 80
0.000450 101
0.087263 25
0.384412 23
4.020544 36
0.835635 37
0.324962 6
0.000329 37
2.221340 6
0.669480 24
0.013942 56
1.672678 84
1.926163 89
0.309502 180
0.000006 47
0.000083 477
0.365040 341
0.000005 253
0.000099 109
0.058071 56
2.792415 1
0.262029 1
0.521735 1
0.092371 1
1.023097 17
