0.049163 56
8.587005 1
0.029157 1
0.449071 1
0.090883 1
0.152893 1
1.348546 1
0.485840 1
0.104620 1
0.184488 1
1.661024 1
0.142239 1
0.078948 1
0.214773 1
0.243823 1
0.198214 1
0.176753 1
0.208809 1
0.107771 1
0.232040 1
0.128322 1
0.207845 1
1.315432 1
0.123688 1
0.361355 1
1.172186 11
0.133366 41
0.003705 56
4.253669 24
0.413483 1
0.506580 1
0.030991 1
0.030964 1
0.030839 1
0.034834 1
0.032517 1
0.029681 1
0.043353 1
0.011974 1
0.048481 1
0.167172 1
0.707155 5
0.145592 5
0.138947 5
0.155436 5
1.111402 11
0.157150 29
0.029165 64
0.002530 64
0.005452 66
0.017166 70
0.000564 33
0.000335 37
0.001243 91
0.293320 64
0.064027 56
6.545328 1
0.185556 1
0.428314 1
0.099895 1
0.671971 11
0.041327 6
