0.140219 89
4.632424 1
0.073705 1
0.533551 11
0.003445 96
0.000217 89
12.457253 1
0.206862 1
0.282475 1
0.567596 11
0.000044 16
0.000154 89
6.974000 1
0.054953 1
0.279129 1
0.165390 1
0.566860 1
0.610386 11
0.003963 99
0.000192 89
5.359913 1
0.053272 1
0.294247 1
0.872045 1
0.134335 1
0.888800 1
0.115734 1
0.177140 1
0.257792 1
0.659724 11
0.000925 2807
0.012350 4095
0.000258 1122
3.004228 1
0.152452 1
0.139308 1
0.206525 1
0.506872 1
0.097415 1
0.638796 11
0.659791 25
0.029493 1052
0.000091 610
4.050005 28
0.002167 89
2.704528 1
0.144571 1
0.155967 1
0.139437 1
0.212438 1
0.336538 11
0.004463 11
0.000256 89
23.776062 1
0.001477 1
0.311974 1
0.851863 1
0.566304 1
0.307695 1
1.382614 4
0.173335 4
0.184152 4
0.677963 1
0.369928 1
0.208469 1
0.925658 1
0.122486 1
0.293647 16
1.412480 11
0.004657 65
0.000292 89
5.874160 1
0.116142 1
0.179253 1
1.042592 1
0.232255 1
2.296931 1
0.111410 1
0.180675 1
1.285150 4
0.175871 4
0.178255 4
0.160477 4
1.271118 1
0.346219 1
0.098924 1
0.216442 15
1.730764 1
0.088398 1
0.180572 12
1.937301 11
0.003095 153
4.319069 1
0.281450 3
0.202591 1
0.392909 59
0.000123 153
3.761094 1
0.099833 3
0.283124 1
0.160148 1
0.439884 1
1.268197 11
0.006689 126
0.000453 153
6.591385 1
0.001309 3
0.105115 1
1.046690 1
0.115044 1
0.253766 1
6.256035 4
0.127136 4
1.207487 1
0.142000 1
0.557352 11
0.001359 125
5.966775 1
0.030209 1
0.445763 1
0.295020 1
0.832408 4
0.360288 1
0.452583 1
0.597716 1
1.193573 1
0.189097 1
0.686245 11
0.004038 98
0.000271 125
27.264038 1
0.001269 1
0.128362 1
0.887615 1
0.172344 1
0.183977 12
1.641472 1
0.101589 1
0.206052 8
3.840666 11
0.003451 173
2.108881 1
0.086854 1
0.262832 1
0.239145 1
0.520594 11
0.001834 42
0.000035 117
16.480157 1
0.001752 1
0.287267 1
1.011788 1
0.074712 1
0.279213 1
0.596092 1
0.295704 13
1.457441 11
0.006303 140
0.000304 125
19.394544 20
0.298074 1
0.498508 1
0.031118 1
0.031405 1
0.036295 228
0.030428 1
0.031889 1
0.026209 1
0.034486 1
0.050381 1
0.028901 1
0.033441 1
0.029626 1
0.032348 1
0.030829 1
0.032229 1
0.029407 1
0.335250 3
0.183460 3
0.570329 153
0.414350 152
0.367178 14
0.005837 121
0.000251 125
14.405273 1
0.011313 1
0.630858 1
0.450073 2
0.585848 4
0.210108 4
0.186788 4
0.349479 1
0.248864 1
1.459135 1
0.316618 18
5.408221 11
0.025897 529
0.000252 125
19.620354 52
1.142668 157
0.003140 169
3.707254 1
0.087912 1
0.283343 1
0.127463 1
0.374705 1
0.382885 11
0.004140 58
0.000266 169
5.993725 21
1.086805 42
0.002985 169
7.734158 14
0.882895 21
0.004912 79
0.000293 169
3.972450 21
0.968025 42
0.003842 169
23.325804 52
1.499129 73
0.018583 169
5.083493 26
1.110491 47
0.002905 13
0.002021 45
0.001573 20
0.002457 23
0.001178 169
8.303282 18
1.127689 39
0.002861 183
4.909655 23
0.884686 39
0.016608 8
0.000025 54
0.000021 13
0.002830 56
0.000577 137
0.000023 120
0.000061 143
0.000095 17
13.064925 6
0.000202 8
0.002743 28
0.003143 98
8.588428 6
0.000178 15
0.211851 6
0.000078 12
0.000007 1
0.000103 2
0.498566 6
0.000053 12
0.000164 3
0.026227 6
0.000101 15
0.036753 18
0.000016 1
0.000387 2
0.025797 19
0.000005 2
0.031325 6
0.000125 15
0.031554 6
0.000102 12
0.000010 1
0.000117 2
0.050612 6
0.000030 13
0.000096 2
0.032613 18
0.000425 1
0.030960 19
0.000318 2
0.031154 19
0.000022 2
0.028679 6
0.000094 12
0.000064 1
0.000031 2
0.028350 6
0.000138 13
0.000007 2
0.035125 6
0.000096 13
0.000118 2
0.033706 18
0.000425 3
0.027191 18
0.000017 1
0.000289 2
0.044585 6
0.000085 13
0.030748 6
0.000078 12
0.000056 3
0.037623 21
0.031003 19
0.000376 2
0.030166 19
0.030240 6
0.000034 12
0.000217 3
0.027563 21
0.031012 19
0.031506 6
0.000125 15
0.034862 6
0.000276 15
0.046815 18
0.000179 3
0.028037 21
0.032461 6
0.000091 12
0.000008 1
0.000087 2
0.030625 6
0.000202 13
0.000042 2
0.035352 6
0.000119 15
0.031693 19
0.000362 2
0.029495 6
0.000093 12
0.000103 3
0.031194 6
0.000071 12
0.000033 1
0.030405 6
0.000068 12
0.000096 3
0.031717 6
0.000165 15
0.043686 6
0.000138 12
0.000034 3
0.031453 6
0.000116 12
0.000094 3
0.035368 6
0.000027 15
0.026020 6
0.000133 15
0.031984 18
0.000024 3
0.034515 6
0.000046 13
0.031299 18
0.000121 3
0.031866 18
0.000100 3
0.027681 6
0.000149 13
0.000473 2
0.033478 6
0.000118 15
0.045280 6
0.000097 12
0.000024 1
0.000096 2
0.031952 6
0.000040 15
0.032614 6
0.000038 15
0.028166 6
0.000058 12
0.000028 1
0.035689 6
0.000083 15
0.026902 6
0.000110 15
0.031552 6
0.000038 12
0.000102 3
0.031746 6
0.000042 15
0.030679 6
0.000094 12
0.000086 1
0.031752 6
0.000088 12
0.000077 3
0.046559 6
0.000030 13
0.000091 2
0.033336 6
0.000131 15
0.029508 6
0.000057 12
0.000048 1
0.031271 6
0.000096 88
0.034434 6
0.000023 12
0.000054 3
0.028098 6
0.000061 12
0.000103 3
0.037127 18
0.000079 3
0.029359 6
0.000063 12
0.000023 1
0.000020 2
0.027080 6
0.000070 12
0.000067 3
0.031434 6
0.000099 15
0.047406 18
0.000025 3
0.031810 18
0.000026 1
0.000022 2
0.036287 18
0.000115 3
0.026163 6
0.000030 12
0.000087 1
0.033366 6
0.000067 12
0.000131 3
0.031911 6
0.000120 15
0.027407 21
0.032124 6
0.000056 12
0.000034 3
0.881947 18
0.001684 18
0.015485 18
0.050257 18
0.316032 18
0.015905 18
0.014113 18
0.029573 18
5.113954 6
0.000175 197
2.256231 42
0.000011 103
0.000075 130
0.000006 38
0.000012 18
1.691421 6
0.002192 38
0.013617 28
0.000028 39
0.000956 61
0.000484 183
5.716016 1
0.103880 1
0.176858 11
0.003245 27
0.000298 183
13.416969 61
0.949149 103
0.000143 100
0.000303 175
9.912442 1
0.001346 1
0.212024 1
0.981665 1
0.134772 1
1.783655 11
0.001433 169
10.501469 46
1.071751 67
0.004119 169
1.736723 1
0.124703 1
0.267292 1
0.678974 4
0.355107 1
0.630548 1
0.318428 1
1.285253 11
0.000971 11
0.000152 169
5.752616 1
0.089412 1
0.162943 1
0.708291 1
0.212139 1
0.116479 1
0.485270 1
0.103919 1
0.091456 1
0.288267 11
0.003738 28
0.000234 169
15.106615 31
1.037787 52
0.005139 169
3.953502 22
0.153746 33
0.377554 11
0.003722 169
18.830446 44
1.213031 65
0.007903 169
4.146470 44
0.993942 65
0.003945 63
0.000221 169
10.996557 35
0.950878 56
0.022186 169
4.210371 32
1.200035 53
0.002492 9
0.001115 32
0.000626 18
0.001081 28
0.000405 169
14.096719 22
0.811864 43
0.002941 169
3.741479 22
0.706493 43
0.002007 59
0.000245 169
7.518694 18
0.747856 39
0.001542 44
0.000216 169
4.095277 21
0.776361 42
0.005434 169
24.681654 1
0.101596 1
0.214922 1
0.797830 1
0.132167 1
0.268856 11
0.001810 153
4.048736 1
0.130418 3
0.209246 243
0.005768 142
0.000254 153
6.041555 1
0.047019 3
0.150271 1
0.905167 1
0.252837 1
0.219565 6
0.860502 11
0.002122 169
2.142221 1
0.086098 1
0.191465 11
0.006739 151
0.000243 169
6.267888 22
1.141333 43
0.044290 27
0.000837 169
5.625131 17
0.896135 38
0.006966 27
0.008025 27
0.007784 28
0.009935 27
0.011491 28
0.008457 28
0.000450 22
0.000270 169
4.546834 20
1.290297 41
0.007012 17
0.001128 17
0.001416 18
0.001089 17
0.001245 18
0.001456 18
0.000493 12
0.000249 169
17.696001 34
0.928966 55
0.014266 169
5.184860 23
0.744361 44
0.002367 29
0.000246 169
4.619010 24
0.839271 45
0.002429 117
0.000605 169
7.110540 28
0.971246 49
0.004903 117
0.000329 169
6.796796 49
0.739101 70
0.004845 169
3.763409 37
0.922907 58
0.002602 18
0.000540 169
10.651037 40
0.841019 61
0.004231 18
0.000236 169
5.343157 30
0.761263 51
0.010757 117
0.000010 8
0.000094 161
5.725658 42
0.850735 63
0.013878 18
0.000243 169
12.812835 1
0.008739 1
0.241898 1
0.049844 1
0.863439 4
0.138029 4
0.138639 1
0.669868 1
0.127690 1
0.320475 11
0.002446 153
1.777895 1
0.084805 3
0.275662 1
0.257745 1
0.375428 1
0.350651 11
0.001347 125
1.353034 1
0.093479 1
0.166540 1
0.390104 1
0.349568 18
1.426942 11
0.002251 163
4.979165 20
1.024007 32
0.034865 22
0.014597 22
0.011193 22
0.011391 22
0.009278 22
0.011703 22
0.010926 22
0.011154 22
0.010280 22
0.009706 22
0.009599 22
0.009419 22
0.008856 22
0.010616 22
0.010114 22
0.008830 22
0.009637 22
0.000517 13
0.000251 163
11.726597 42
0.845485 54
0.029894 110
0.000181 163
6.005939 42
0.729247 54
0.025954 101
0.000229 163
4.414399 18
0.784758 30
0.005659 60
0.000289 163
20.546498 1
0.001463 1
0.310993 1
1.809266 1
0.140822 1
0.711961 11
0.001529 125
0.646887 1
0.107556 1
0.181976 1
1.514946 1
0.099526 1
0.249965 12
2.455201 1
0.589646 1
0.240125 8
1.076341 11
0.003499 173
7.278555 56
0.895177 83
0.012543 22
0.001039 105
0.010757 24
0.000572 97
0.010934 23
0.000721 100
0.000646 173
21.236109 62
1.047671 89
0.000324 10
2.450648 1
0.126234 1
0.832698 21
5.557887 23
1.389668 32
0.000113 10
4.193419 40
0.984280 49
0.000191 10
1.809324 1
0.089329 1
0.398836 1
0.111497 1
0.823706 4
0.119205 4
0.474752 1
0.112958 1
0.956474 11
0.000066 14
0.003611 37
0.000028 14
0.001976 29
0.000105 13
0.003144 33
0.000176 173
31.754160 30
1.200638 67
2.357633 1
0.113431 1
0.585354 11
0.000074 10
4.030447 18
0.902740 37
3.290161 43
0.846510 52
0.000070 10
1.140979 1
0.083780 1
0.325895 1
0.075606 1
0.965406 11
0.127368 33
0.009740 240
0.110326 33
0.009441 240
0.107213 32
0.008341 240
0.000382 173
26.342154 30
1.055274 57
0.000097 10
6.469300 11
0.834129 15
0.000025 10
3.151142 40
0.746748 59
1.548101 1
0.086767 1
0.342839 1
0.113619 1
0.592128 11
0.017625 173
1.362548 1
0.140003 1
0.368732 11
0.006098 185
0.000256 173
1.979727 1
0.173504 1
0.139258 1
0.187476 1
0.269471 1
0.672430 11
0.001196 11
0.000228 173
36.525862 1
0.008249 1
0.475271 1
0.725161 1
0.152858 1
0.259865 11
0.001860 153
1.013129 1
0.133759 3
0.155852 243
0.006181 142
0.000247 153
1.489111 1
0.125126 3
0.132294 1
0.365828 1
0.100668 1
0.241516 6
2.552754 11
0.001812 169
1.517351 1
0.124347 1
0.266861 1
0.323415 1
0.977973 1
0.712935 1
0.258849 1
0.256320 1
0.148327 1
0.282303 1
0.064944 1
0.889739 1
0.592608 1
0.113034 1
1.540368 11
0.002038 8
0.000087 67
0.003023 56
0.000797 101
0.000091 299
0.000107 17
5.890709 6
0.000123 8
0.000060 7
0.000089 21
0.004371 126
3.173549 6
0.000077 149
0.000032 48
2.460873 42
0.000070 227
0.000098 62
1.491642 6
0.013862 38
0.003071 67
0.000851 61
0.000410 169
5.829581 23
0.894721 44
0.006985 340
0.001099 169
11.912967 23
0.940927 44
0.001848 8
0.000026 67
0.004736 58
0.001083 38
0.001280 107
0.000027 119
0.000061 174
0.000166 127
2.578851 21
0.256217 21
0.500620 21
0.032310 21
0.030894 21
0.027182 21
0.034853 21
0.046282 19
0.028646 18
0.000022 1
0.034394 19
0.031966 18
0.000023 1
0.031661 18
0.000068 1
0.030543 19
0.031068 19
0.031098 18
0.000005 1
0.028835 19
0.031464 18
0.000067 1
0.048886 19
0.034509 19
0.030249 34
0.031295 18
0.000099 1
1.814350 6
0.000032 28
0.002553 23
0.168918 18
0.000166 5
0.161944 18
0.000103 5
0.152162 6
0.000095 17
0.105019 19
0.000021 4
0.126527 18
0.000090 5
0.196439 6
0.000052 17
0.189274 18
0.000049 5
0.157746 19
0.000024 4
0.179375 23
1.000028 18
0.000100 66
2.017627 18
0.000093 82
1.397243 18
0.000082 93
1.295124 18
0.000532 97
4.806701 6
0.000138 197
1.487549 269
0.000163 62
0.457160 6
0.003153 38
0.001931 67
0.001048 61
0.000294 169
6.325346 34
1.020469 55
0.006652 340
0.000803 169
4.550807 35
0.759729 56
0.006700 340
0.000940 169
25.060060 30
1.033418 51
0.012330 117
0.000228 169
25.091799 23
1.005341 44
0.002023 8
0.000064 67
0.003020 56
0.000962 3
0.000032 98
0.000025 6
0.000058 150
0.000005 30
0.000093 113
0.000112 17
3.409832 6
0.000067 8
0.000613 28
0.003928 233
9.380668 12
0.000006 92
0.000090 99
1.600536 6
0.000192 325
1.357895 6
0.001944 38
0.002171 68
0.000905 61
0.000450 169
4.983069 48
0.913119 69
0.030160 347
0.000931 169
35.165760 1
0.055132 1
0.222003 1
0.205434 1
0.140135 1
0.216852 11
0.002040 153
1.219598 1
0.118004 3
0.198898 1
0.277762 1
0.281559 1
0.359885 6
0.907971 11
0.001671 169
2.855350 1
0.469965 1
0.103552 1
0.273712 1
0.327303 1
0.263030 9
0.705224 11
0.024027 229
0.000933 169
6.341779 27
0.803549 48
0.002521 128
0.000589 169
5.128880 27
0.844541 48
0.002092 80
0.000603 169
4.345912 30
1.025785 51
0.002868 39
0.000674 169
4.739856 35
0.741173 56
0.002976 42
0.000599 169
5.364401 31
0.840913 52
0.002306 215
0.000701 169
5.631259 35
0.731624 56
0.003020 152
0.000576 169
5.488199 38
0.889985 59
0.003028 144
0.000033 77
0.000705 169
7.932001 28
1.034224 49
0.003480 78
0.052242 135
0.001112 133
0.000464 136
0.006570 169
5.874620 20
0.710266 41
0.001007 2499
0.000021 196
0.000005 79
0.000004 267
0.000365 1075
0.000024 169
9.701676 1
0.061218 1
0.223623 1
0.353206 1
0.122633 1
0.562668 1
0.305847 11
0.002967 3
0.001400 32
0.000702 17
0.002240 32
0.000965 169
7.447278 1
0.036874 1
0.103549 1
0.625159 1
0.140387 1
0.213204 11
0.001440 153
3.207637 1
1.176532 4
3.467108 5
0.437949 155
0.910187 11
0.001646 3
0.001492 11
0.001323 230
0.000818 17
0.001245 29
0.000884 13
0.001470 181
0.000273 15
0.000530 11
0.001638 16
0.002069 19
0.002725 11
0.001185 48
0.000506 25
0.001127 40
0.000967 153
6.123539 41
1.041290 174
0.001512 3
0.001419 11
0.001972 17
0.002281 13
0.001901 11
0.001646 16
0.002799 19
0.002310 11
0.001604 25
0.002904 153
4.859057 41
0.917519 174
0.004285 230
0.002476 29
0.001856 181
0.000253 15
0.008217 48
0.002135 40
0.001568 153
1.553647 1
0.110206 3
0.174964 1
0.207723 1
0.220190 1
0.498538 11
0.001536 11
0.004470 153
7.586492 45
0.918274 178
0.009526 15
0.010232 153
5.277257 47
0.902775 180
0.005491 53
0.004150 15
0.007700 48
0.001847 40
0.000905 153
7.006626 56
1.013221 189
0.025622 31
0.001441 38
0.019066 23
0.001611 29
0.008696 35
0.001424 48
0.000360 15
0.000214 153
12.871676 67
0.965027 200
0.021755 92
0.003748 145
0.004906 153
6.482683 1
0.210141 3
0.643672 1
0.119025 1
1.245321 17
